(turn,execution,temp,dtime,latency)
0:(0,-1,32,0,0)
1:(0,0,32,1,0)
2:(0,0,32,1,1)
3:(0,0,32,1,2)
4:(0,0,32,1,4)
5:(0,0,32,2,0)
6:(0,0,32,2,1)
7:(0,0,32,2,2)
8:(0,0,32,2,4)
9:(0,0,32,3,0)
10:(0,0,32,3,1)
11:(0,0,32,3,2)
12:(0,0,32,3,4)
13:(0,0,32,4,0)
14:(0,0,32,4,1)
15:(0,0,32,4,2)
16:(0,0,32,4,4)
17:(0,0,32,5,0)
18:(0,0,32,5,1)
19:(0,0,32,5,2)
20:(0,0,32,5,4)
21:(0,0,32,6,0)
22:(0,0,32,6,1)
23:(0,0,32,6,2)
24:(0,0,32,6,4)
25:(0,0,32,7,0)
26:(0,0,32,7,1)
27:(0,0,32,7,2)
28:(0,0,32,7,4)
29:(0,0,32,8,0)
30:(0,0,32,8,1)
31:(0,0,32,8,2)
32:(0,0,32,8,4)
33:(0,0,32,9,0)
34:(0,0,32,9,1)
35:(0,0,32,9,2)
36:(0,0,32,9,4)
37:(0,0,32,10,0)
38:(0,0,32,10,1)
39:(0,0,32,10,2)
40:(0,0,32,10,4)
41:(0,0,32,11,0)
42:(0,0,32,11,1)
43:(0,0,32,11,2)
44:(0,0,32,11,4)
45:(0,0,32,12,0)
46:(0,0,32,12,1)
47:(0,0,32,12,2)
48:(0,0,32,12,4)
49:(0,0,32,13,0)
50:(0,0,32,13,1)
51:(0,0,32,13,2)
52:(0,0,32,13,4)
53:(0,0,32,14,0)
54:(0,0,32,14,1)
55:(0,0,32,14,2)
56:(0,0,32,14,4)
57:(0,0,32,15,0)
58:(0,0,32,15,1)
59:(0,0,32,15,2)
60:(0,0,32,15,4)
61:(0,0,32,16,0)
62:(0,0,32,16,1)
63:(0,0,32,16,2)
64:(0,0,32,16,4)
65:(0,0,32,17,0)
66:(0,0,32,17,1)
67:(0,0,32,17,2)
68:(0,0,32,17,4)
69:(0,0,32,18,0)
70:(0,0,32,18,1)
71:(0,0,32,18,2)
72:(0,0,32,18,4)
73:(0,0,32,19,0)
74:(0,0,32,19,1)
75:(0,0,32,19,2)
76:(0,0,32,19,4)
77:(0,0,32,20,0)
78:(0,0,32,20,1)
79:(0,0,32,20,2)
80:(0,0,32,20,4)
81:(0,0,32,21,0)
82:(0,0,32,21,1)
83:(0,0,32,21,2)
84:(0,0,32,21,4)
85:(0,0,32,22,0)
86:(0,0,32,22,1)
87:(0,0,32,22,2)
88:(0,0,32,22,4)
89:(0,0,32,23,0)
90:(0,0,32,23,1)
91:(0,0,32,23,2)
92:(0,0,32,23,4)
93:(0,0,32,24,0)
94:(0,0,32,24,1)
95:(0,0,32,24,2)
96:(0,0,32,24,4)
97:(0,0,32,25,0)
98:(0,0,32,25,1)
99:(0,0,32,25,2)
100:(0,0,32,25,4)
101:(0,0,32,26,0)
102:(0,0,32,26,1)
103:(0,0,32,26,2)
104:(0,0,32,26,4)
105:(0,0,32,27,0)
106:(0,0,32,27,1)
107:(0,0,32,27,2)
108:(0,0,32,27,4)
109:(0,0,32,28,0)
110:(0,0,32,28,1)
111:(0,0,32,28,2)
112:(0,0,32,28,4)
113:(0,0,32,29,0)
114:(0,0,32,29,1)
115:(0,0,32,29,2)
116:(0,0,32,29,4)
117:(0,0,32,30,0)
118:(0,0,32,30,1)
119:(0,0,32,30,2)
120:(0,0,32,30,4)
121:(0,0,32,31,0)
122:(0,0,32,31,1)
123:(0,0,32,31,2)
124:(0,0,32,31,4)
125:(0,0,32,32,0)
126:(0,0,32,32,1)
127:(0,0,32,32,2)
128:(0,0,32,32,4)
129:(0,0,32,33,0)
130:(0,0,32,33,1)
131:(0,0,32,33,2)
132:(0,0,32,33,4)
133:(0,0,32,34,0)
134:(0,0,32,34,1)
135:(0,0,32,34,2)
136:(0,0,32,34,4)
137:(0,0,32,35,0)
138:(0,0,32,35,1)
139:(0,0,32,35,2)
140:(0,0,32,35,4)
141:(0,0,32,36,0)
142:(0,0,32,36,1)
143:(0,0,32,36,2)
144:(0,0,32,36,4)
145:(0,0,32,37,0)
146:(0,0,32,37,1)
147:(0,0,32,37,2)
148:(0,0,32,37,4)
149:(0,0,32,38,0)
150:(0,0,32,38,1)
151:(0,0,32,38,2)
152:(0,0,32,38,4)
153:(0,0,32,39,0)
154:(0,0,32,39,1)
155:(0,0,32,39,2)
156:(0,0,32,39,4)
157:(0,0,32,40,0)
158:(0,0,32,40,1)
159:(0,0,32,40,2)
160:(0,0,32,40,4)
161:(0,0,32,41,0)
162:(0,0,32,41,1)
163:(0,0,32,41,2)
164:(0,0,32,41,4)
165:(0,0,32,42,0)
166:(0,0,32,42,1)
167:(0,0,32,42,2)
168:(0,0,32,42,4)
169:(0,0,32,43,0)
170:(0,0,32,43,1)
171:(0,0,32,43,2)
172:(0,0,32,43,4)
173:(0,0,32,44,0)
174:(0,0,32,44,1)
175:(0,0,32,44,2)
176:(0,0,32,44,4)
177:(0,0,32,45,0)
178:(0,0,32,45,1)
179:(0,0,32,45,2)
180:(0,0,32,45,4)
181:(0,0,32,46,0)
182:(0,0,32,46,1)
183:(0,0,32,46,2)
184:(0,0,32,46,4)
185:(0,0,32,47,0)
186:(0,0,32,47,1)
187:(0,0,32,47,2)
188:(0,0,32,47,4)
189:(0,0,32,48,0)
190:(0,0,32,48,1)
191:(0,0,32,48,2)
192:(0,0,32,48,4)
193:(0,0,32,49,0)
194:(0,0,32,49,1)
195:(0,0,32,49,2)
196:(0,0,32,49,4)
197:(0,0,32,50,0)
198:(0,0,32,50,1)
199:(0,0,32,50,2)
200:(0,0,32,50,4)
201:(0,1,32,1,0)
202:(0,1,32,1,1)
203:(0,1,32,1,2)
204:(0,1,32,1,4)
205:(0,1,32,2,0)
206:(0,1,32,2,1)
207:(0,1,32,2,2)
208:(0,1,32,2,4)
209:(0,1,32,3,0)
210:(0,1,32,3,1)
211:(0,1,32,3,2)
212:(0,1,32,3,4)
213:(0,1,32,4,0)
214:(0,1,32,4,1)
215:(0,1,32,4,2)
216:(0,1,32,4,4)
217:(0,1,32,5,0)
218:(0,1,32,5,1)
219:(0,1,32,5,2)
220:(0,1,32,5,4)
221:(0,1,32,6,0)
222:(0,1,32,6,1)
223:(0,1,32,6,2)
224:(0,1,32,6,4)
225:(0,1,32,7,0)
226:(0,1,32,7,1)
227:(0,1,32,7,2)
228:(0,1,32,7,4)
229:(0,1,32,8,0)
230:(0,1,32,8,1)
231:(0,1,32,8,2)
232:(0,1,32,8,4)
233:(0,1,32,9,0)
234:(0,1,32,9,1)
235:(0,1,32,9,2)
236:(0,1,32,9,4)
237:(0,1,32,10,0)
238:(0,1,32,10,1)
239:(0,1,32,10,2)
240:(0,1,32,10,4)
241:(0,1,32,11,0)
242:(0,1,32,11,1)
243:(0,1,32,11,2)
244:(0,1,32,11,4)
245:(0,1,32,12,0)
246:(0,1,32,12,1)
247:(0,1,32,12,2)
248:(0,1,32,12,4)
249:(0,1,32,13,0)
250:(0,1,32,13,1)
251:(0,1,32,13,2)
252:(0,1,32,13,4)
253:(0,1,32,14,0)
254:(0,1,32,14,1)
255:(0,1,32,14,2)
256:(0,1,32,14,4)
257:(0,1,32,15,0)
258:(0,1,32,15,1)
259:(0,1,32,15,2)
260:(0,1,32,15,4)
261:(0,1,32,16,0)
262:(0,1,32,16,1)
263:(0,1,32,16,2)
264:(0,1,32,16,4)
265:(0,1,32,17,0)
266:(0,1,32,17,1)
267:(0,1,32,17,2)
268:(0,1,32,17,4)
269:(0,1,32,18,0)
270:(0,1,32,18,1)
271:(0,1,32,18,2)
272:(0,1,32,18,4)
273:(0,1,32,19,0)
274:(0,1,32,19,1)
275:(0,1,32,19,2)
276:(0,1,32,19,4)
277:(0,1,32,20,0)
278:(0,1,32,20,1)
279:(0,1,32,20,2)
280:(0,1,32,20,4)
281:(0,1,32,21,0)
282:(0,1,32,21,1)
283:(0,1,32,21,2)
284:(0,1,32,21,4)
285:(0,1,32,22,0)
286:(0,1,32,22,1)
287:(0,1,32,22,2)
288:(0,1,32,22,4)
289:(0,1,32,23,0)
290:(0,1,32,23,1)
291:(0,1,32,23,2)
292:(0,1,32,23,4)
293:(0,1,32,24,0)
294:(0,1,32,24,1)
295:(0,1,32,24,2)
296:(0,1,32,24,4)
297:(0,1,32,25,0)
298:(0,1,32,25,1)
299:(0,1,32,25,2)
300:(0,1,32,25,4)
301:(0,1,32,26,0)
302:(0,1,32,26,1)
303:(0,1,32,26,2)
304:(0,1,32,26,4)
305:(0,1,32,27,0)
306:(0,1,32,27,1)
307:(0,1,32,27,2)
308:(0,1,32,27,4)
309:(0,1,32,28,0)
310:(0,1,32,28,1)
311:(0,1,32,28,2)
312:(0,1,32,28,4)
313:(0,1,32,29,0)
314:(0,1,32,29,1)
315:(0,1,32,29,2)
316:(0,1,32,29,4)
317:(0,1,32,30,0)
318:(0,1,32,30,1)
319:(0,1,32,30,2)
320:(0,1,32,30,4)
321:(0,1,32,31,0)
322:(0,1,32,31,1)
323:(0,1,32,31,2)
324:(0,1,32,31,4)
325:(0,1,32,32,0)
326:(0,1,32,32,1)
327:(0,1,32,32,2)
328:(0,1,32,32,4)
329:(0,1,32,33,0)
330:(0,1,32,33,1)
331:(0,1,32,33,2)
332:(0,1,32,33,4)
333:(0,1,32,34,0)
334:(0,1,32,34,1)
335:(0,1,32,34,2)
336:(0,1,32,34,4)
337:(0,1,32,35,0)
338:(0,1,32,35,1)
339:(0,1,32,35,2)
340:(0,1,32,35,4)
341:(0,1,32,36,0)
342:(0,1,32,36,1)
343:(0,1,32,36,2)
344:(0,1,32,36,4)
345:(0,1,32,37,0)
346:(0,1,32,37,1)
347:(0,1,32,37,2)
348:(0,1,32,37,4)
349:(0,1,32,38,0)
350:(0,1,32,38,1)
351:(0,1,32,38,2)
352:(0,1,32,38,4)
353:(0,1,32,39,0)
354:(0,1,32,39,1)
355:(0,1,32,39,2)
356:(0,1,32,39,4)
357:(0,1,32,40,0)
358:(0,1,32,40,1)
359:(0,1,32,40,2)
360:(0,1,32,40,4)
361:(0,1,32,41,0)
362:(0,1,32,41,1)
363:(0,1,32,41,2)
364:(0,1,32,41,4)
365:(0,1,32,42,0)
366:(0,1,32,42,1)
367:(0,1,32,42,2)
368:(0,1,32,42,4)
369:(0,1,32,43,0)
370:(0,1,32,43,1)
371:(0,1,32,43,2)
372:(0,1,32,43,4)
373:(0,1,32,44,0)
374:(0,1,32,44,1)
375:(0,1,32,44,2)
376:(0,1,32,44,4)
377:(0,1,32,45,0)
378:(0,1,32,45,1)
379:(0,1,32,45,2)
380:(0,1,32,45,4)
381:(0,1,32,46,0)
382:(0,1,32,46,1)
383:(0,1,32,46,2)
384:(0,1,32,46,4)
385:(0,1,32,47,0)
386:(0,1,32,47,1)
387:(0,1,32,47,2)
388:(0,1,32,47,4)
389:(0,1,32,48,0)
390:(0,1,32,48,1)
391:(0,1,32,48,2)
392:(0,1,32,48,4)
393:(0,1,32,49,0)
394:(0,1,32,49,1)
395:(0,1,32,49,2)
396:(0,1,32,49,4)
397:(0,1,32,50,0)
398:(0,1,32,50,1)
399:(0,1,32,50,2)
400:(0,1,32,50,4)
401:(0,2,32,1,0)
402:(0,2,32,1,1)
403:(0,2,32,1,2)
404:(0,2,32,1,4)
405:(0,2,32,2,0)
406:(0,2,32,2,1)
407:(0,2,32,2,2)
408:(0,2,32,2,4)
409:(0,2,32,3,0)
410:(0,2,32,3,1)
411:(0,2,32,3,2)
412:(0,2,32,3,4)
413:(0,2,32,4,0)
414:(0,2,32,4,1)
415:(0,2,32,4,2)
416:(0,2,32,4,4)
417:(0,2,32,5,0)
418:(0,2,32,5,1)
419:(0,2,32,5,2)
420:(0,2,32,5,4)
421:(0,2,32,6,0)
422:(0,2,32,6,1)
423:(0,2,32,6,2)
424:(0,2,32,6,4)
425:(0,2,32,7,0)
426:(0,2,32,7,1)
427:(0,2,32,7,2)
428:(0,2,32,7,4)
429:(0,2,32,8,0)
430:(0,2,32,8,1)
431:(0,2,32,8,2)
432:(0,2,32,8,4)
433:(0,2,32,9,0)
434:(0,2,32,9,1)
435:(0,2,32,9,2)
436:(0,2,32,9,4)
437:(0,2,32,10,0)
438:(0,2,32,10,1)
439:(0,2,32,10,2)
440:(0,2,32,10,4)
441:(0,2,32,11,0)
442:(0,2,32,11,1)
443:(0,2,32,11,2)
444:(0,2,32,11,4)
445:(0,2,32,12,0)
446:(0,2,32,12,1)
447:(0,2,32,12,2)
448:(0,2,32,12,4)
449:(0,2,32,13,0)
450:(0,2,32,13,1)
451:(0,2,32,13,2)
452:(0,2,32,13,4)
453:(0,2,32,14,0)
454:(0,2,32,14,1)
455:(0,2,32,14,2)
456:(0,2,32,14,4)
457:(0,2,32,15,0)
458:(0,2,32,15,1)
459:(0,2,32,15,2)
460:(0,2,32,15,4)
461:(0,2,32,16,0)
462:(0,2,32,16,1)
463:(0,2,32,16,2)
464:(0,2,32,16,4)
465:(0,2,32,17,0)
466:(0,2,32,17,1)
467:(0,2,32,17,2)
468:(0,2,32,17,4)
469:(0,2,32,18,0)
470:(0,2,32,18,1)
471:(0,2,32,18,2)
472:(0,2,32,18,4)
473:(0,2,32,19,0)
474:(0,2,32,19,1)
475:(0,2,32,19,2)
476:(0,2,32,19,4)
477:(0,2,32,20,0)
478:(0,2,32,20,1)
479:(0,2,32,20,2)
480:(0,2,32,20,4)
481:(0,2,32,21,0)
482:(0,2,32,21,1)
483:(0,2,32,21,2)
484:(0,2,32,21,4)
485:(0,2,32,22,0)
486:(0,2,32,22,1)
487:(0,2,32,22,2)
488:(0,2,32,22,4)
489:(0,2,32,23,0)
490:(0,2,32,23,1)
491:(0,2,32,23,2)
492:(0,2,32,23,4)
493:(0,2,32,24,0)
494:(0,2,32,24,1)
495:(0,2,32,24,2)
496:(0,2,32,24,4)
497:(0,2,32,25,0)
498:(0,2,32,25,1)
499:(0,2,32,25,2)
500:(0,2,32,25,4)
501:(0,2,32,26,0)
502:(0,2,32,26,1)
503:(0,2,32,26,2)
504:(0,2,32,26,4)
505:(0,2,32,27,0)
506:(0,2,32,27,1)
507:(0,2,32,27,2)
508:(0,2,32,27,4)
509:(0,2,32,28,0)
510:(0,2,32,28,1)
511:(0,2,32,28,2)
512:(0,2,32,28,4)
513:(0,2,32,29,0)
514:(0,2,32,29,1)
515:(0,2,32,29,2)
516:(0,2,32,29,4)
517:(0,2,32,30,0)
518:(0,2,32,30,1)
519:(0,2,32,30,2)
520:(0,2,32,30,4)
521:(0,2,32,31,0)
522:(0,2,32,31,1)
523:(0,2,32,31,2)
524:(0,2,32,31,4)
525:(0,2,32,32,0)
526:(0,2,32,32,1)
527:(0,2,32,32,2)
528:(0,2,32,32,4)
529:(0,2,32,33,0)
530:(0,2,32,33,1)
531:(0,2,32,33,2)
532:(0,2,32,33,4)
533:(0,2,32,34,0)
534:(0,2,32,34,1)
535:(0,2,32,34,2)
536:(0,2,32,34,4)
537:(0,2,32,35,0)
538:(0,2,32,35,1)
539:(0,2,32,35,2)
540:(0,2,32,35,4)
541:(0,2,32,36,0)
542:(0,2,32,36,1)
543:(0,2,32,36,2)
544:(0,2,32,36,4)
545:(0,2,32,37,0)
546:(0,2,32,37,1)
547:(0,2,32,37,2)
548:(0,2,32,37,4)
549:(0,2,32,38,0)
550:(0,2,32,38,1)
551:(0,2,32,38,2)
552:(0,2,32,38,4)
553:(0,2,32,39,0)
554:(0,2,32,39,1)
555:(0,2,32,39,2)
556:(0,2,32,39,4)
557:(0,2,32,40,0)
558:(0,2,32,40,1)
559:(0,2,32,40,2)
560:(0,2,32,40,4)
561:(0,2,32,41,0)
562:(0,2,32,41,1)
563:(0,2,32,41,2)
564:(0,2,32,41,4)
565:(0,2,32,42,0)
566:(0,2,32,42,1)
567:(0,2,32,42,2)
568:(0,2,32,42,4)
569:(0,2,32,43,0)
570:(0,2,32,43,1)
571:(0,2,32,43,2)
572:(0,2,32,43,4)
573:(0,2,32,44,0)
574:(0,2,32,44,1)
575:(0,2,32,44,2)
576:(0,2,32,44,4)
577:(0,2,32,45,0)
578:(0,2,32,45,1)
579:(0,2,32,45,2)
580:(0,2,32,45,4)
581:(0,2,32,46,0)
582:(0,2,32,46,1)
583:(0,2,32,46,2)
584:(0,2,32,46,4)
585:(0,2,32,47,0)
586:(0,2,32,47,1)
587:(0,2,32,47,2)
588:(0,2,32,47,4)
589:(0,2,32,48,0)
590:(0,2,32,48,1)
591:(0,2,32,48,2)
592:(0,2,32,48,4)
593:(0,2,32,49,0)
594:(0,2,32,49,1)
595:(0,2,32,49,2)
596:(0,2,32,49,4)
597:(0,2,32,50,0)
598:(0,2,32,50,1)
599:(0,2,32,50,2)
600:(0,2,32,50,4)
601:(1,0,32,0,0)
602:(1,0,32,1,0)
603:(1,0,32,1,1)
604:(1,0,32,1,2)
605:(1,0,32,1,4)
606:(1,0,32,2,0)
607:(1,0,32,2,1)
608:(1,0,32,2,2)
609:(1,0,32,2,4)
610:(1,0,32,3,0)
611:(1,0,32,3,1)
612:(1,0,32,3,2)
613:(1,0,32,3,4)
614:(1,0,32,4,0)
615:(1,0,32,4,1)
616:(1,0,32,4,2)
617:(1,0,32,4,4)
618:(1,0,32,5,0)
619:(1,0,32,5,1)
620:(1,0,32,5,2)
621:(1,0,32,5,4)
622:(1,0,32,6,0)
623:(1,0,32,6,1)
624:(1,0,32,6,2)
625:(1,0,32,6,4)
626:(1,0,32,7,0)
627:(1,0,32,7,1)
628:(1,0,32,7,2)
629:(1,0,32,7,4)
630:(1,0,32,8,0)
631:(1,0,32,8,1)
632:(1,0,32,8,2)
633:(1,0,32,8,4)
634:(1,0,32,9,0)
635:(1,0,32,9,1)
636:(1,0,32,9,2)
637:(1,0,32,9,4)
638:(1,0,32,10,0)
639:(1,0,32,10,1)
640:(1,0,32,10,2)
641:(1,0,32,10,4)
642:(1,0,32,11,0)
643:(1,0,32,11,1)
644:(1,0,32,11,2)
645:(1,0,32,11,4)
646:(1,0,32,12,0)
647:(1,0,32,12,1)
648:(1,0,32,12,2)
649:(1,0,32,12,4)
650:(1,0,32,13,0)
651:(1,0,32,13,1)
652:(1,0,32,13,2)
653:(1,0,32,13,4)
654:(1,0,32,14,0)
655:(1,0,32,14,1)
656:(1,0,32,14,2)
657:(1,0,32,14,4)
658:(1,0,32,15,0)
659:(1,0,32,15,1)
660:(1,0,32,15,2)
661:(1,0,32,15,4)
662:(1,0,32,16,0)
663:(1,0,32,16,1)
664:(1,0,32,16,2)
665:(1,0,32,16,4)
666:(1,0,32,17,0)
667:(1,0,32,17,1)
668:(1,0,32,17,2)
669:(1,0,32,17,4)
670:(1,0,32,18,0)
671:(1,0,32,18,1)
672:(1,0,32,18,2)
673:(1,0,32,18,4)
674:(1,0,32,19,0)
675:(1,0,32,19,1)
676:(1,0,32,19,2)
677:(1,0,32,19,4)
678:(1,0,32,20,0)
679:(1,0,32,20,1)
680:(1,0,32,20,2)
681:(1,0,32,20,4)
682:(1,0,32,21,0)
683:(1,0,32,21,1)
684:(1,0,32,21,2)
685:(1,0,32,21,4)
686:(1,0,32,22,0)
687:(1,0,32,22,1)
688:(1,0,32,22,2)
689:(1,0,32,22,4)
690:(1,0,32,23,0)
691:(1,0,32,23,1)
692:(1,0,32,23,2)
693:(1,0,32,23,4)
694:(1,0,32,24,0)
695:(1,0,32,24,1)
696:(1,0,32,24,2)
697:(1,0,32,24,4)
698:(1,0,32,25,0)
699:(1,0,32,25,1)
700:(1,0,32,25,2)
701:(1,0,32,25,4)
702:(1,0,32,26,0)
703:(1,0,32,26,1)
704:(1,0,32,26,2)
705:(1,0,32,26,4)
706:(1,0,32,27,0)
707:(1,0,32,27,1)
708:(1,0,32,27,2)
709:(1,0,32,27,4)
710:(1,0,32,28,0)
711:(1,0,32,28,1)
712:(1,0,32,28,2)
713:(1,0,32,28,4)
714:(1,0,32,29,0)
715:(1,0,32,29,1)
716:(1,0,32,29,2)
717:(1,0,32,29,4)
718:(1,0,32,30,0)
719:(1,0,32,30,1)
720:(1,0,32,30,2)
721:(1,0,32,30,4)
722:(1,0,32,31,0)
723:(1,0,32,31,1)
724:(1,0,32,31,2)
725:(1,0,32,31,4)
726:(1,0,32,32,0)
727:(1,0,32,32,1)
728:(1,0,32,32,2)
729:(1,0,32,32,4)
730:(1,0,32,33,0)
731:(1,0,32,33,1)
732:(1,0,32,33,2)
733:(1,0,32,33,4)
734:(1,0,32,34,0)
735:(1,0,32,34,1)
736:(1,0,32,34,2)
737:(1,0,32,34,4)
738:(1,0,32,35,0)
739:(1,0,32,35,1)
740:(1,0,32,35,2)
741:(1,0,32,35,4)
742:(1,0,32,36,0)
743:(1,0,32,36,1)
744:(1,0,32,36,2)
745:(1,0,32,36,4)
746:(1,0,32,37,0)
747:(1,0,32,37,1)
748:(1,0,32,37,2)
749:(1,0,32,37,4)
750:(1,0,32,38,0)
751:(1,0,32,38,1)
752:(1,0,32,38,2)
753:(1,0,32,38,4)
754:(1,0,32,39,0)
755:(1,0,32,39,1)
756:(1,0,32,39,2)
757:(1,0,32,39,4)
758:(1,0,32,40,0)
759:(1,0,32,40,1)
760:(1,0,32,40,2)
761:(1,0,32,40,4)
762:(1,0,32,41,0)
763:(1,0,32,41,1)
764:(1,0,32,41,2)
765:(1,0,32,41,4)
766:(1,0,32,42,0)
767:(1,0,32,42,1)
768:(1,0,32,42,2)
769:(1,0,32,42,4)
770:(1,0,32,43,0)
771:(1,0,32,43,1)
772:(1,0,32,43,2)
773:(1,0,32,43,4)
774:(1,0,32,44,0)
775:(1,0,32,44,1)
776:(1,0,32,44,2)
777:(1,0,32,44,4)
778:(1,0,32,45,0)
779:(1,0,32,45,1)
780:(1,0,32,45,2)
781:(1,0,32,45,4)
782:(1,0,32,46,0)
783:(1,0,32,46,1)
784:(1,0,32,46,2)
785:(1,0,32,46,4)
786:(1,0,32,47,0)
787:(1,0,32,47,1)
788:(1,0,32,47,2)
789:(1,0,32,47,4)
790:(1,0,32,48,0)
791:(1,0,32,48,1)
792:(1,0,32,48,2)
793:(1,0,32,48,4)
794:(1,0,32,49,0)
795:(1,0,32,49,1)
796:(1,0,32,49,2)
797:(1,0,32,49,4)
798:(1,0,32,50,0)
799:(1,0,32,50,1)
800:(1,0,32,50,2)
801:(1,0,32,50,4)
802:(1,1,32,0,0)
803:(1,1,32,1,0)
804:(1,1,32,1,1)
805:(1,1,32,1,2)
806:(1,1,32,1,4)
807:(1,1,32,2,0)
808:(1,1,32,2,1)
809:(1,1,32,2,2)
810:(1,1,32,2,4)
811:(1,1,32,3,0)
812:(1,1,32,3,1)
813:(1,1,32,3,2)
814:(1,1,32,3,4)
815:(1,1,32,4,0)
816:(1,1,32,4,1)
817:(1,1,32,4,2)
818:(1,1,32,4,4)
819:(1,1,32,5,0)
820:(1,1,32,5,1)
821:(1,1,32,5,2)
822:(1,1,32,5,4)
823:(1,1,32,6,0)
824:(1,1,32,6,1)
825:(1,1,32,6,2)
826:(1,1,32,6,4)
827:(1,1,32,7,0)
828:(1,1,32,7,1)
829:(1,1,32,7,2)
830:(1,1,32,7,4)
831:(1,1,32,8,0)
832:(1,1,32,8,1)
833:(1,1,32,8,2)
834:(1,1,32,8,4)
835:(1,1,32,9,0)
836:(1,1,32,9,1)
837:(1,1,32,9,2)
838:(1,1,32,9,4)
839:(1,1,32,10,0)
840:(1,1,32,10,1)
841:(1,1,32,10,2)
842:(1,1,32,10,4)
843:(1,1,32,11,0)
844:(1,1,32,11,1)
845:(1,1,32,11,2)
846:(1,1,32,11,4)
847:(1,1,32,12,0)
848:(1,1,32,12,1)
849:(1,1,32,12,2)
850:(1,1,32,12,4)
851:(1,1,32,13,0)
852:(1,1,32,13,1)
853:(1,1,32,13,2)
854:(1,1,32,13,4)
855:(1,1,32,14,0)
856:(1,1,32,14,1)
857:(1,1,32,14,2)
858:(1,1,32,14,4)
859:(1,1,32,15,0)
860:(1,1,32,15,1)
861:(1,1,32,15,2)
862:(1,1,32,15,4)
863:(1,1,32,16,0)
864:(1,1,32,16,1)
865:(1,1,32,16,2)
866:(1,1,32,16,4)
867:(1,1,32,17,0)
868:(1,1,32,17,1)
869:(1,1,32,17,2)
870:(1,1,32,17,4)
871:(1,1,32,18,0)
872:(1,1,32,18,1)
873:(1,1,32,18,2)
874:(1,1,32,18,4)
875:(1,1,32,19,0)
876:(1,1,32,19,1)
877:(1,1,32,19,2)
878:(1,1,32,19,4)
879:(1,1,32,20,0)
880:(1,1,32,20,1)
881:(1,1,32,20,2)
882:(1,1,32,20,4)
883:(1,1,32,21,0)
884:(1,1,32,21,1)
885:(1,1,32,21,2)
886:(1,1,32,21,4)
887:(1,1,32,22,0)
888:(1,1,32,22,1)
889:(1,1,32,22,2)
890:(1,1,32,22,4)
891:(1,1,32,23,0)
892:(1,1,32,23,1)
893:(1,1,32,23,2)
894:(1,1,32,23,4)
895:(1,1,32,24,0)
896:(1,1,32,24,1)
897:(1,1,32,24,2)
898:(1,1,32,24,4)
899:(1,1,32,25,0)
900:(1,1,32,25,1)
901:(1,1,32,25,2)
902:(1,1,32,25,4)
903:(1,1,32,26,0)
904:(1,1,32,26,1)
905:(1,1,32,26,2)
906:(1,1,32,26,4)
907:(1,1,32,27,0)
908:(1,1,32,27,1)
909:(1,1,32,27,2)
910:(1,1,32,27,4)
911:(1,1,32,28,0)
912:(1,1,32,28,1)
913:(1,1,32,28,2)
914:(1,1,32,28,4)
915:(1,1,32,29,0)
916:(1,1,32,29,1)
917:(1,1,32,29,2)
918:(1,1,32,29,4)
919:(1,1,32,30,0)
920:(1,1,32,30,1)
921:(1,1,32,30,2)
922:(1,1,32,30,4)
923:(1,1,32,31,0)
924:(1,1,32,31,1)
925:(1,1,32,31,2)
926:(1,1,32,31,4)
927:(1,1,32,32,0)
928:(1,1,32,32,1)
929:(1,1,32,32,2)
930:(1,1,32,32,4)
931:(1,1,32,33,0)
932:(1,1,32,33,1)
933:(1,1,32,33,2)
934:(1,1,32,33,4)
935:(1,1,32,34,0)
936:(1,1,32,34,1)
937:(1,1,32,34,2)
938:(1,1,32,34,4)
939:(1,1,32,35,0)
940:(1,1,32,35,1)
941:(1,1,32,35,2)
942:(1,1,32,35,4)
943:(1,1,32,36,0)
944:(1,1,32,36,1)
945:(1,1,32,36,2)
946:(1,1,32,36,4)
947:(1,1,32,37,0)
948:(1,1,32,37,1)
949:(1,1,32,37,2)
950:(1,1,32,37,4)
951:(1,1,32,38,0)
952:(1,1,32,38,1)
953:(1,1,32,38,2)
954:(1,1,32,38,4)
955:(1,1,32,39,0)
956:(1,1,32,39,1)
957:(1,1,32,39,2)
958:(1,1,32,39,4)
959:(1,1,32,40,0)
960:(1,1,32,40,1)
961:(1,1,32,40,2)
962:(1,1,32,40,4)
963:(1,1,32,41,0)
964:(1,1,32,41,1)
965:(1,1,32,41,2)
966:(1,1,32,41,4)
967:(1,1,32,42,0)
968:(1,1,32,42,1)
969:(1,1,32,42,2)
970:(1,1,32,42,4)
971:(1,1,32,43,0)
972:(1,1,32,43,1)
973:(1,1,32,43,2)
974:(1,1,32,43,4)
975:(1,1,32,44,0)
976:(1,1,32,44,1)
977:(1,1,32,44,2)
978:(1,1,32,44,4)
979:(1,1,32,45,0)
980:(1,1,32,45,1)
981:(1,1,32,45,2)
982:(1,1,32,45,4)
983:(1,1,32,46,0)
984:(1,1,32,46,1)
985:(1,1,32,46,2)
986:(1,1,32,46,4)
987:(1,1,32,47,0)
988:(1,1,32,47,1)
989:(1,1,32,47,2)
990:(1,1,32,47,4)
991:(1,1,32,48,0)
992:(1,1,32,48,1)
993:(1,1,32,48,2)
994:(1,1,32,48,4)
995:(1,1,32,49,0)
996:(1,1,32,49,1)
997:(1,1,32,49,2)
998:(1,1,32,49,4)
999:(1,1,32,50,0)
1000:(1,1,32,50,1)
1001:(1,1,32,50,2)
1002:(1,1,32,50,4)
1003:(1,2,32,0,0)
1004:(1,2,32,1,0)
1005:(1,2,32,1,1)
1006:(1,2,32,1,2)
1007:(1,2,32,1,4)
1008:(1,2,32,2,0)
1009:(1,2,32,2,1)
1010:(1,2,32,2,2)
1011:(1,2,32,2,4)
1012:(1,2,32,3,0)
1013:(1,2,32,3,1)
1014:(1,2,32,3,2)
1015:(1,2,32,3,4)
1016:(1,2,32,4,0)
1017:(1,2,32,4,1)
1018:(1,2,32,4,2)
1019:(1,2,32,4,4)
1020:(1,2,32,5,0)
1021:(1,2,32,5,1)
1022:(1,2,32,5,2)
1023:(1,2,32,5,4)
1024:(1,2,32,6,0)
1025:(1,2,32,6,1)
1026:(1,2,32,6,2)
1027:(1,2,32,6,4)
1028:(1,2,32,7,0)
1029:(1,2,32,7,1)
1030:(1,2,32,7,2)
1031:(1,2,32,7,4)
1032:(1,2,32,8,0)
1033:(1,2,32,8,1)
1034:(1,2,32,8,2)
1035:(1,2,32,8,4)
1036:(1,2,32,9,0)
1037:(1,2,32,9,1)
1038:(1,2,32,9,2)
1039:(1,2,32,9,4)
1040:(1,2,32,10,0)
1041:(1,2,32,10,1)
1042:(1,2,32,10,2)
1043:(1,2,32,10,4)
1044:(1,2,32,11,0)
1045:(1,2,32,11,1)
1046:(1,2,32,11,2)
1047:(1,2,32,11,4)
1048:(1,2,32,12,0)
1049:(1,2,32,12,1)
1050:(1,2,32,12,2)
1051:(1,2,32,12,4)
1052:(1,2,32,13,0)
1053:(1,2,32,13,1)
1054:(1,2,32,13,2)
1055:(1,2,32,13,4)
1056:(1,2,32,14,0)
1057:(1,2,32,14,1)
1058:(1,2,32,14,2)
1059:(1,2,32,14,4)
1060:(1,2,32,15,0)
1061:(1,2,32,15,1)
1062:(1,2,32,15,2)
1063:(1,2,32,15,4)
1064:(1,2,32,16,0)
1065:(1,2,32,16,1)
1066:(1,2,32,16,2)
1067:(1,2,32,16,4)
1068:(1,2,32,17,0)
1069:(1,2,32,17,1)
1070:(1,2,32,17,2)
1071:(1,2,32,17,4)
1072:(1,2,32,18,0)
1073:(1,2,32,18,1)
1074:(1,2,32,18,2)
1075:(1,2,32,18,4)
1076:(1,2,32,19,0)
1077:(1,2,32,19,1)
1078:(1,2,32,19,2)
1079:(1,2,32,19,4)
1080:(1,2,32,20,0)
1081:(1,2,32,20,1)
1082:(1,2,32,20,2)
1083:(1,2,32,20,4)
1084:(1,2,32,21,0)
1085:(1,2,32,21,1)
1086:(1,2,32,21,2)
1087:(1,2,32,21,4)
1088:(1,2,32,22,0)
1089:(1,2,32,22,1)
1090:(1,2,32,22,2)
1091:(1,2,32,22,4)
1092:(1,2,32,23,0)
1093:(1,2,32,23,1)
1094:(1,2,32,23,2)
1095:(1,2,32,23,4)
1096:(1,2,32,24,0)
1097:(1,2,32,24,1)
1098:(1,2,32,24,2)
1099:(1,2,32,24,4)
1100:(1,2,32,25,0)
1101:(1,2,32,25,1)
1102:(1,2,32,25,2)
1103:(1,2,32,25,4)
1104:(1,2,32,26,0)
1105:(1,2,32,26,1)
1106:(1,2,32,26,2)
1107:(1,2,32,26,4)
1108:(1,2,32,27,0)
1109:(1,2,32,27,1)
1110:(1,2,32,27,2)
1111:(1,2,32,27,4)
1112:(1,2,32,28,0)
1113:(1,2,32,28,1)
1114:(1,2,32,28,2)
1115:(1,2,32,28,4)
1116:(1,2,32,29,0)
1117:(1,2,32,29,1)
1118:(1,2,32,29,2)
1119:(1,2,32,29,4)
1120:(1,2,32,30,0)
1121:(1,2,32,30,1)
1122:(1,2,32,30,2)
1123:(1,2,32,30,4)
1124:(1,2,32,31,0)
1125:(1,2,32,31,1)
1126:(1,2,32,31,2)
1127:(1,2,32,31,4)
1128:(1,2,32,32,0)
1129:(1,2,32,32,1)
1130:(1,2,32,32,2)
1131:(1,2,32,32,4)
1132:(1,2,32,33,0)
1133:(1,2,32,33,1)
1134:(1,2,32,33,2)
1135:(1,2,32,33,4)
1136:(1,2,32,34,0)
1137:(1,2,32,34,1)
1138:(1,2,32,34,2)
1139:(1,2,32,34,4)
1140:(1,2,32,35,0)
1141:(1,2,32,35,1)
1142:(1,2,32,35,2)
1143:(1,2,32,35,4)
1144:(1,2,32,36,0)
1145:(1,2,32,36,1)
1146:(1,2,32,36,2)
1147:(1,2,32,36,4)
1148:(1,2,32,37,0)
1149:(1,2,32,37,1)
1150:(1,2,32,37,2)
1151:(1,2,32,37,4)
1152:(1,2,32,38,0)
1153:(1,2,32,38,1)
1154:(1,2,32,38,2)
1155:(1,2,32,38,4)
1156:(1,2,32,39,0)
1157:(1,2,32,39,1)
1158:(1,2,32,39,2)
1159:(1,2,32,39,4)
1160:(1,2,32,40,0)
1161:(1,2,32,40,1)
1162:(1,2,32,40,2)
1163:(1,2,32,40,4)
1164:(1,2,32,41,0)
1165:(1,2,32,41,1)
1166:(1,2,32,41,2)
1167:(1,2,32,41,4)
1168:(1,2,32,42,0)
1169:(1,2,32,42,1)
1170:(1,2,32,42,2)
1171:(1,2,32,42,4)
1172:(1,2,32,43,0)
1173:(1,2,32,43,1)
1174:(1,2,32,43,2)
1175:(1,2,32,43,4)
1176:(1,2,32,44,0)
1177:(1,2,32,44,1)
1178:(1,2,32,44,2)
1179:(1,2,32,44,4)
1180:(1,2,32,45,0)
1181:(1,2,32,45,1)
1182:(1,2,32,45,2)
1183:(1,2,32,45,4)
1184:(1,2,32,46,0)
1185:(1,2,32,46,1)
1186:(1,2,32,46,2)
1187:(1,2,32,46,4)
1188:(1,2,32,47,0)
1189:(1,2,32,47,1)
1190:(1,2,32,47,2)
1191:(1,2,32,47,4)
1192:(1,2,32,48,0)
1193:(1,2,32,48,1)
1194:(1,2,32,48,2)
1195:(1,2,32,48,4)
1196:(1,2,32,49,0)
1197:(1,2,32,49,1)
1198:(1,2,32,49,2)
1199:(1,2,32,49,4)
1200:(1,2,32,50,0)
1201:(1,2,32,50,1)
1202:(1,2,32,50,2)
1203:(1,2,32,50,4)
